2025-04-08 18:10:29.865049 - Received CBT.V508.FILE053.PDS from FILE053.XMI 
2025-04-08 18:10:29.872865 - Found $.txt (text/plain) in CBT.V508.FILE053.PDS, moved to PDS/$
2025-04-08 18:10:29.873564 - Found $$$#DATE.txt (text/plain) in CBT.V508.FILE053.PDS, moved to PDS/$$$#DATE
2025-04-08 18:10:29.874251 - Found @FILE053.txt (text/plain) in CBT.V508.FILE053.PDS, moved to PDS/@FILE053
2025-04-08 18:10:29.874927 - Found ALLOCMOD.txt (text/plain) in CBT.V508.FILE053.PDS, moved to PDS/ALLOCMOD
2025-04-08 18:10:29.875687 - Found ASID.txt (text/plain) in CBT.V508.FILE053.PDS, moved to PDS/ASID
2025-04-08 18:10:29.876417 - Found CATLGTAP.txt (text/plain) in CBT.V508.FILE053.PDS, moved to PDS/CATLGTAP
2025-04-08 18:10:29.877069 - Found CATLIST.txt (text/plain) in CBT.V508.FILE053.PDS, moved to PDS/CATLIST
2025-04-08 18:10:29.877686 - Found CMDEX005.txt (text/plain) in CBT.V508.FILE053.PDS, moved to PDS/CMDEX005
2025-04-08 18:10:29.878367 - Found CMDEX255.txt (text/plain) in CBT.V508.FILE053.PDS, moved to PDS/CMDEX255
2025-04-08 18:10:29.879001 - Found CMPAPDX.txt (text/plain) in CBT.V508.FILE053.PDS, moved to PDS/CMPAPDX
2025-04-08 18:10:29.879683 - Found COMMAND.txt (text/plain) in CBT.V508.FILE053.PDS, moved to PDS/COMMAND
2025-04-08 18:10:29.880272 - Found DLXBLGE#.txt (text/plain) in CBT.V508.FILE053.PDS, moved to PDS/DLXBLGE#
2025-04-08 18:10:29.880909 - Found DLXBLGEN.txt (text/plain) in CBT.V508.FILE053.PDS, moved to PDS/DLXBLGEN
2025-04-08 18:10:29.881517 - Found DLXCICLG.txt (text/plain) in CBT.V508.FILE053.PDS, moved to PDS/DLXCICLG
2025-04-08 18:10:29.882170 - Found DLXCMD.txt (text/plain) in CBT.V508.FILE053.PDS, moved to PDS/DLXCMD
2025-04-08 18:10:29.882787 - Found DLXCMDUX.txt (text/plain) in CBT.V508.FILE053.PDS, moved to PDS/DLXCMDUX
2025-04-08 18:10:29.883412 - Found DLXEXTNT.txt (text/plain) in CBT.V508.FILE053.PDS, moved to PDS/DLXEXTNT
2025-04-08 18:10:29.884069 - Found DLXGENPW.txt (text/plain) in CBT.V508.FILE053.PDS, moved to PDS/DLXGENPW
2025-04-08 18:10:29.884724 - Found DLXJCTUP.txt (text/plain) in CBT.V508.FILE053.PDS, moved to PDS/DLXJCTUP
2025-04-08 18:10:29.885355 - Found DLXJOBS#.txt (text/plain) in CBT.V508.FILE053.PDS, moved to PDS/DLXJOBS#
2025-04-08 18:10:29.885998 - Found DLXJOBST.txt (text/plain) in CBT.V508.FILE053.PDS, moved to PDS/DLXJOBST
2025-04-08 18:10:29.886686 - Found DLXNALOC.txt (text/plain) in CBT.V508.FILE053.PDS, moved to PDS/DLXNALOC
2025-04-08 18:10:29.887339 - Found DLXNOTXT.txt (text/plain) in CBT.V508.FILE053.PDS, moved to PDS/DLXNOTXT
2025-04-08 18:10:29.887958 - Found DLXOFFL.txt (text/plain) in CBT.V508.FILE053.PDS, moved to PDS/DLXOFFL
2025-04-08 18:10:29.888564 - Found DLXPRIME.txt (text/plain) in CBT.V508.FILE053.PDS, moved to PDS/DLXPRIME
2025-04-08 18:10:29.889155 - Found DLXPUNCH.txt (text/plain) in CBT.V508.FILE053.PDS, moved to PDS/DLXPUNCH
2025-04-08 18:10:29.889756 - Found DLXRACCK.txt (text/plain) in CBT.V508.FILE053.PDS, moved to PDS/DLXRACCK
2025-04-08 18:10:29.890356 - Found DLXREBL#.txt (text/plain) in CBT.V508.FILE053.PDS, moved to PDS/DLXREBL#
2025-04-08 18:10:29.890985 - Found DLXREBLK.txt (text/plain) in CBT.V508.FILE053.PDS, moved to PDS/DLXREBLK
2025-04-08 18:10:29.891650 - Found DLXRFSCN.txt (text/plain) in CBT.V508.FILE053.PDS, moved to PDS/DLXRFSCN
2025-04-08 18:10:29.892215 - Found DLXRMTUX.txt (text/plain) in CBT.V508.FILE053.PDS, moved to PDS/DLXRMTUX
2025-04-08 18:10:29.892822 - Found DLXRTM.txt (text/plain) in CBT.V508.FILE053.PDS, moved to PDS/DLXRTM
2025-04-08 18:10:29.893447 - Found DLXSHARD.txt (text/plain) in CBT.V508.FILE053.PDS, moved to PDS/DLXSHARD
2025-04-08 18:10:29.894080 - Found DLXSYLOG.txt (text/plain) in CBT.V508.FILE053.PDS, moved to PDS/DLXSYLOG
2025-04-08 18:10:29.894708 - Found DLXTPLST.txt (text/plain) in CBT.V508.FILE053.PDS, moved to PDS/DLXTPLST
2025-04-08 18:10:29.895294 - Found DLXTRAN#.txt (text/plain) in CBT.V508.FILE053.PDS, moved to PDS/DLXTRAN#
2025-04-08 18:10:29.895995 - Found DLXTRANS.txt (text/plain) in CBT.V508.FILE053.PDS, moved to PDS/DLXTRANS
2025-04-08 18:10:29.896614 - Found DLXTRT.txt (text/plain) in CBT.V508.FILE053.PDS, moved to PDS/DLXTRT
2025-04-08 18:10:29.897177 - Found DLXTSO.txt (text/plain) in CBT.V508.FILE053.PDS, moved to PDS/DLXTSO
2025-04-08 18:10:29.897846 - Found DLXVVDS.txt (text/plain) in CBT.V508.FILE053.PDS, moved to PDS/DLXVVDS
2025-04-08 18:10:29.898498 - Found DLX3480.txt (text/plain) in CBT.V508.FILE053.PDS, moved to PDS/DLX3480
2025-04-08 18:10:29.899189 - Found DSATTR.txt (text/plain) in CBT.V508.FILE053.PDS, moved to PDS/DSATTR
2025-04-08 18:10:29.899817 - Found DSN3@ATH.txt (text/plain) in CBT.V508.FILE053.PDS, moved to PDS/DSN3@ATH
2025-04-08 18:10:29.900390 - Found DUDASD.txt (text/plain) in CBT.V508.FILE053.PDS, moved to PDS/DUDASD
2025-04-08 18:10:29.901036 - Found ENQ.txt (text/plain) in CBT.V508.FILE053.PDS, moved to PDS/ENQ
2025-04-08 18:10:29.901688 - Found EOIEX020.txt (text/plain) in CBT.V508.FILE053.PDS, moved to PDS/EOIEX020
2025-04-08 18:10:29.902352 - Found EXIMPORT.txt (text/plain) in CBT.V508.FILE053.PDS, moved to PDS/EXIMPORT
2025-04-08 18:10:29.903032 - Found FDRXPASS.txt (text/plain) in CBT.V508.FILE053.PDS, moved to PDS/FDRXPASS
2025-04-08 18:10:29.903943 - Found FOLDIT.txt (text/plain) in CBT.V508.FILE053.PDS, moved to PDS/FOLDIT
2025-04-08 18:10:29.904559 - Found GDATE.txt (text/plain) in CBT.V508.FILE053.PDS, moved to PDS/GDATE
2025-04-08 18:10:29.905144 - Found GENPW.txt (text/plain) in CBT.V508.FILE053.PDS, moved to PDS/GENPW
2025-04-08 18:10:29.905781 - Found HELPLIST.txt (text/plain) in CBT.V508.FILE053.PDS, moved to PDS/HELPLIST
2025-04-08 18:10:29.906401 - Found ICHAUTAB.txt (text/plain) in CBT.V508.FILE053.PDS, moved to PDS/ICHAUTAB
2025-04-08 18:10:29.907009 - Found ICHCNX00.txt (text/plain) in CBT.V508.FILE053.PDS, moved to PDS/ICHCNX00
2025-04-08 18:10:29.907579 - Found ICHRDSNT.txt (text/plain) in CBT.V508.FILE053.PDS, moved to PDS/ICHRDSNT
2025-04-08 18:10:29.908232 - Found ICHRDX01.txt (text/plain) in CBT.V508.FILE053.PDS, moved to PDS/ICHRDX01
2025-04-08 18:10:29.908843 - Found ICHRFR01.txt (text/plain) in CBT.V508.FILE053.PDS, moved to PDS/ICHRFR01
2025-04-08 18:10:29.909481 - Found ICHRIN03.txt (text/plain) in CBT.V508.FILE053.PDS, moved to PDS/ICHRIN03
2025-04-08 18:10:29.910054 - Found ICHRRCDE.bin (application/octet-stream) in CBT.V508.FILE053.PDS, moved to PDS/ICHRRCDE
2025-04-08 18:10:29.910681 - Found IDATMSTP.txt (text/plain) in CBT.V508.FILE053.PDS, moved to PDS/IDATMSTP
2025-04-08 18:10:29.911360 - Found IEAVMXIT.txt (text/plain) in CBT.V508.FILE053.PDS, moved to PDS/IEAVMXIT
2025-04-08 18:10:29.912077 - Found IEFACTRT.txt (text/plain) in CBT.V508.FILE053.PDS, moved to PDS/IEFACTRT
2025-04-08 18:10:29.912708 - Found IEFUJV.txt (text/plain) in CBT.V508.FILE053.PDS, moved to PDS/IEFUJV
2025-04-08 18:10:29.913501 - Found IEFUSI.txt (text/plain) in CBT.V508.FILE053.PDS, moved to PDS/IEFUSI
2025-04-08 18:10:29.914141 - Found IEFUTL.txt (text/plain) in CBT.V508.FILE053.PDS, moved to PDS/IEFUTL
2025-04-08 18:10:29.914779 - Found IEFU29.txt (text/plain) in CBT.V508.FILE053.PDS, moved to PDS/IEFU29
2025-04-08 18:10:29.915392 - Found IEFU29R.txt (text/plain) in CBT.V508.FILE053.PDS, moved to PDS/IEFU29R
2025-04-08 18:10:29.916022 - Found IGGPRE00.txt (text/plain) in CBT.V508.FILE053.PDS, moved to PDS/IGGPRE00
2025-04-08 18:10:29.916666 - Found IKJEFF10.txt (text/plain) in CBT.V508.FILE053.PDS, moved to PDS/IKJEFF10
2025-04-08 18:10:29.917267 - Found IKJEFF53.txt (text/plain) in CBT.V508.FILE053.PDS, moved to PDS/IKJEFF53
2025-04-08 18:10:29.917838 - Found IKJEFLD.txt (text/plain) in CBT.V508.FILE053.PDS, moved to PDS/IKJEFLD
2025-04-08 18:10:29.918405 - Found INMRZ01.txt (text/plain) in CBT.V508.FILE053.PDS, moved to PDS/INMRZ01
2025-04-08 18:10:29.919011 - Found INMRZ11.txt (text/plain) in CBT.V508.FILE053.PDS, moved to PDS/INMRZ11
2025-04-08 18:10:29.919611 - Found INMXZ01.txt (text/plain) in CBT.V508.FILE053.PDS, moved to PDS/INMXZ01
2025-04-08 18:10:29.920235 - Found JAFEX003.txt (text/plain) in CBT.V508.FILE053.PDS, moved to PDS/JAFEX003
2025-04-08 18:10:29.920810 - Found JCLEX004.txt (text/plain) in CBT.V508.FILE053.PDS, moved to PDS/JCLEX004
2025-04-08 18:10:29.921451 - Found JOBEX002.txt (text/plain) in CBT.V508.FILE053.PDS, moved to PDS/JOBEX002
2025-04-08 18:10:29.922016 - Found JOOEX009.txt (text/plain) in CBT.V508.FILE053.PDS, moved to PDS/JOOEX009
2025-04-08 18:10:29.922667 - Found LISTPASS.txt (text/plain) in CBT.V508.FILE053.PDS, moved to PDS/LISTPASS
2025-04-08 18:10:29.923261 - Found LISTSPC.txt (text/plain) in CBT.V508.FILE053.PDS, moved to PDS/LISTSPC
2025-04-08 18:10:29.923867 - Found LISTSPC#.txt (text/plain) in CBT.V508.FILE053.PDS, moved to PDS/LISTSPC#
2025-04-08 18:10:29.924442 - Found LISTVOL.txt (text/plain) in CBT.V508.FILE053.PDS, moved to PDS/LISTVOL
2025-04-08 18:10:29.924984 - Found LISTVOL#.txt (text/plain) in CBT.V508.FILE053.PDS, moved to PDS/LISTVOL#
2025-04-08 18:10:29.925530 - Found LOCATE.txt (text/plain) in CBT.V508.FILE053.PDS, moved to PDS/LOCATE
2025-04-08 18:10:29.926182 - Found LOCINDEX.txt (text/plain) in CBT.V508.FILE053.PDS, moved to PDS/LOCINDEX
2025-04-08 18:10:29.926768 - Found LSPACE.txt (text/plain) in CBT.V508.FILE053.PDS, moved to PDS/LSPACE
2025-04-08 18:10:29.927331 - Found LSPACE#.txt (text/plain) in CBT.V508.FILE053.PDS, moved to PDS/LSPACE#
2025-04-08 18:10:29.927896 - Found LXD0007.txt (text/plain) in CBT.V508.FILE053.PDS, moved to PDS/LXD0007
2025-04-08 18:10:29.928402 - Found LXD0010.txt (text/plain) in CBT.V508.FILE053.PDS, moved to PDS/LXD0010
2025-04-08 18:10:29.929042 - Found LXD0014.txt (text/plain) in CBT.V508.FILE053.PDS, moved to PDS/LXD0014
2025-04-08 18:10:29.929641 - Found LXD0032.txt (text/plain) in CBT.V508.FILE053.PDS, moved to PDS/LXD0032
2025-04-08 18:10:29.930297 - Found PFKCARDS.txt (text/plain) in CBT.V508.FILE053.PDS, moved to PDS/PFKCARDS
2025-04-08 18:10:29.931199 - Found PHONBRWS.txt (text/plain) in CBT.V508.FILE053.PDS, moved to PDS/PHONBRWS
2025-04-08 18:10:29.931877 - Found PHONDUMP.txt (text/plain) in CBT.V508.FILE053.PDS, moved to PDS/PHONDUMP
2025-04-08 18:10:29.932496 - Found PHONEDIT.txt (text/plain) in CBT.V508.FILE053.PDS, moved to PDS/PHONEDIT
2025-04-08 18:10:29.933177 - Found PHONINQ.txt (text/plain) in CBT.V508.FILE053.PDS, moved to PDS/PHONINQ
2025-04-08 18:10:29.933817 - Found PHONLOAD.txt (text/plain) in CBT.V508.FILE053.PDS, moved to PDS/PHONLOAD
2025-04-08 18:10:29.934494 - Found RACFSEQ.txt (text/plain) in CBT.V508.FILE053.PDS, moved to PDS/RACFSEQ
2025-04-08 18:10:29.935155 - Found RACFSEQ#.txt (text/plain) in CBT.V508.FILE053.PDS, moved to PDS/RACFSEQ#
2025-04-08 18:10:29.935796 - Found RACFULST.txt (text/plain) in CBT.V508.FILE053.PDS, moved to PDS/RACFULST
2025-04-08 18:10:29.936373 - Found RMTEX254.txt (text/plain) in CBT.V508.FILE053.PDS, moved to PDS/RMTEX254
2025-04-08 18:10:29.936957 - Found SEPEXT01.txt (text/plain) in CBT.V508.FILE053.PDS, moved to PDS/SEPEXT01
2025-04-08 18:10:29.937593 - Found SLSSKEYW.txt (text/plain) in CBT.V508.FILE053.PDS, moved to PDS/SLSSKEYW
2025-04-08 18:10:29.938239 - Found SLSSMAIN.txt (text/plain) in CBT.V508.FILE053.PDS, moved to PDS/SLSSMAIN
2025-04-08 18:10:29.938920 - Found SLSSSCAN.txt (text/plain) in CBT.V508.FILE053.PDS, moved to PDS/SLSSSCAN
2025-04-08 18:10:29.939542 - Found SLSSSUBL.txt (text/plain) in CBT.V508.FILE053.PDS, moved to PDS/SLSSSUBL
2025-04-08 18:10:29.940163 - Found SLSSVEFY.txt (text/plain) in CBT.V508.FILE053.PDS, moved to PDS/SLSSVEFY
2025-04-08 18:10:29.940782 - Found SMFSEL.txt (text/plain) in CBT.V508.FILE053.PDS, moved to PDS/SMFSEL
2025-04-08 18:10:29.941352 - Found SYSTEM.txt (text/plain) in CBT.V508.FILE053.PDS, moved to PDS/SYSTEM
2025-04-08 18:10:29.942020 - Found TMCTABC.txt (text/plain) in CBT.V508.FILE053.PDS, moved to PDS/TMCTABC
2025-04-08 18:10:29.942727 - Found TMCTAB0.txt (text/plain) in CBT.V508.FILE053.PDS, moved to PDS/TMCTAB0
2025-04-08 18:10:29.943362 - Found TMCTAB1.txt (text/plain) in CBT.V508.FILE053.PDS, moved to PDS/TMCTAB1
2025-04-08 18:10:29.944036 - Found TMCTAB2.txt (text/plain) in CBT.V508.FILE053.PDS, moved to PDS/TMCTAB2
2025-04-08 18:10:29.944614 - Found TMCTAB3.txt (text/plain) in CBT.V508.FILE053.PDS, moved to PDS/TMCTAB3
2025-04-08 18:10:29.945249 - Found TXTEX006.txt (text/plain) in CBT.V508.FILE053.PDS, moved to PDS/TXTEX006
2025-04-08 18:10:29.945796 - Found UCS4245.txt (text/plain) in CBT.V508.FILE053.PDS, moved to PDS/UCS4245
2025-04-08 18:10:29.946467 - Found UNITMAP.txt (text/plain) in CBT.V508.FILE053.PDS, moved to PDS/UNITMAP
2025-04-08 18:10:29.947098 - Found UNTMAP#1.txt (text/plain) in CBT.V508.FILE053.PDS, moved to PDS/UNTMAP#1
2025-04-08 18:10:29.947762 - Found USERLIST.txt (text/plain) in CBT.V508.FILE053.PDS, moved to PDS/USERLIST
2025-04-08 18:10:29.948411 - Found USRADD1.txt (text/plain) in CBT.V508.FILE053.PDS, moved to PDS/USRADD1
2025-04-08 18:10:29.949113 - Found USRBROWS.txt (text/plain) in CBT.V508.FILE053.PDS, moved to PDS/USRBROWS
2025-04-08 18:10:29.949740 - Found USRDEL1.txt (text/plain) in CBT.V508.FILE053.PDS, moved to PDS/USRDEL1
2025-04-08 18:10:29.950351 - Found USRDEL2.txt (text/plain) in CBT.V508.FILE053.PDS, moved to PDS/USRDEL2
2025-04-08 18:10:29.950949 - Found USRDEL3.txt (text/plain) in CBT.V508.FILE053.PDS, moved to PDS/USRDEL3
2025-04-08 18:10:29.951537 - Found USRINQ.txt (text/plain) in CBT.V508.FILE053.PDS, moved to PDS/USRINQ
2025-04-08 18:10:29.952168 - Found USRNCCF.txt (text/plain) in CBT.V508.FILE053.PDS, moved to PDS/USRNCCF
2025-04-08 18:10:29.952862 - Found USRUPD1.txt (text/plain) in CBT.V508.FILE053.PDS, moved to PDS/USRUPD1
2025-04-08 18:10:29.953504 - Found USRUPD2.txt (text/plain) in CBT.V508.FILE053.PDS, moved to PDS/USRUPD2
2025-04-08 18:10:29.954168 - Found USRUPD3.txt (text/plain) in CBT.V508.FILE053.PDS, moved to PDS/USRUPD3
2025-04-08 18:10:29.954792 - Found VFYGROUP.txt (text/plain) in CBT.V508.FILE053.PDS, moved to PDS/VFYGROUP
2025-04-08 18:10:29.955634 - Found WHERE.txt (text/plain) in CBT.V508.FILE053.PDS, moved to PDS/WHERE
2025-04-08 18:10:29.956222 - Found WHERE#1.txt (text/plain) in CBT.V508.FILE053.PDS, moved to PDS/WHERE#1
2025-04-08 18:10:29.956811 - Found XRXALLOC.txt (text/plain) in CBT.V508.FILE053.PDS, moved to PDS/XRXALLOC
